===== pytest group: exp105 =====
============================= test session starts ==============================
platform darwin -- Python 3.12.12, pytest-9.0.3, pluggy-1.6.0 -- /Users/jarvis/miniforge3/envs/12/bin/python
cachedir: .pytest_cache
rootdir: /Users/jarvis/Desktop/project_D
plugins: anyio-4.12.1
collecting ... collected 137 items

data/expander_code/exp105/tests/test_aggregate_fail_closed.py::test_an_empty_raw_tree_is_incomplete PASSED [  0%]
data/expander_code/exp105/tests/test_aggregate_fail_closed.py::test_one_valid_task_reports_only_its_own_codes PASSED [  1%]
data/expander_code/exp105/tests/test_aggregate_fail_closed.py::test_an_invalid_task_poisons_its_cells_rather_than_being_dropped PASSED [  2%]
data/expander_code/exp105/tests/test_aggregate_fail_closed.py::test_a_schema_mismatch_is_recorded_as_an_unexpected_error PASSED [  2%]
data/expander_code/exp105/tests/test_aggregate_fail_closed.py::test_a_grid_mismatch_is_recorded_as_an_unexpected_error PASSED [  3%]
data/expander_code/exp105/tests/test_aggregate_fail_closed.py::test_unplanned_raw_evidence_is_refused PASSED [  4%]
data/expander_code/exp105/tests/test_aggregate_fail_closed.py::test_duplicate_task_identities_are_refused PASSED [  5%]
data/expander_code/exp105/tests/test_aggregate_fail_closed.py::test_counts_and_rates_agree_for_an_ingested_task PASSED [  5%]
data/expander_code/exp105/tests/test_aggregate_fail_closed.py::test_a_q_mismatch_is_recorded_as_an_unexpected_error PASSED [  6%]
data/expander_code/exp105/tests/test_contract_and_config.py::test_the_production_plan_is_not_frozen_yet PASSED [  7%]
data/expander_code/exp105/tests/test_contract_and_config.py::test_q_is_fixed_at_the_contract_value PASSED [  8%]
data/expander_code/exp105/tests/test_contract_and_config.py::test_pilot_grid_and_panel_are_the_frozen_ones PASSED [  8%]
data/expander_code/exp105/tests/test_contract_and_config.py::test_pilot_draws_from_its_own_ensemble_namespace PASSED [  9%]
data/expander_code/exp105/tests/test_contract_and_config.py::test_decoder_identity_is_exp104_plus_the_augmented_block PASSED [ 10%]
data/expander_code/exp105/tests/test_contract_and_config.py::test_ensemble_rule_declares_no_post_selection PASSED [ 10%]
data/expander_code/exp105/tests/test_contract_and_config.py::test_crossing_rule_is_primary_only_and_not_adjacent_bound PASSED [ 11%]
data/expander_code/exp105/tests/test_contract_and_config.py::test_replay_policy_is_a_committed_subsample PASSED [ 12%]
data/expander_code/exp105/tests/test_contract_and_config.py::test_namespaces_are_disjoint_and_experiment_scoped PASSED [ 13%]
data/expander_code/exp105/tests/test_contract_and_config.py::test_task_blocking_partitions_every_code_exactly_once PASSED [ 13%]
data/expander_code/exp105/tests/test_contract_and_config.py::test_unequal_panels_are_supported_by_the_blocking_arithmetic PASSED [ 14%]
data/expander_code/exp105/tests/test_contract_and_config.py::test_block_index_outside_the_plan_is_rejected PASSED [ 15%]
data/expander_code/exp105/tests/test_contract_and_config.py::test_code_id_round_trip_and_range PASSED [ 16%]
data/expander_code/exp105/tests/test_contract_and_config.py::test_p_token_normalization_rejects_everything_off_grid PASSED [ 16%]
data/expander_code/exp105/tests/test_contract_and_config.py::test_mutating_any_frozen_field_is_rejected[p_tokens] PASSED [ 17%]
data/expander_code/exp105/tests/test_contract_and_config.py::test_mutating_any_frozen_field_is_rejected[m_values] PASSED [ 18%]
data/expander_code/exp105/tests/test_contract_and_config.py::test_mutating_any_frozen_field_is_rejected[codes_per_m] PASSED [ 18%]
data/expander_code/exp105/tests/test_contract_and_config.py::test_mutating_any_frozen_field_is_rejected[trials_per_code_p] PASSED [ 19%]
data/expander_code/exp105/tests/test_contract_and_config.py::test_mutating_any_frozen_field_is_rejected[decoder] PASSED [ 20%]
data/expander_code/exp105/tests/test_contract_and_config.py::test_mutating_any_frozen_field_is_rejected[ensemble] PASSED [ 21%]
data/expander_code/exp105/tests/test_contract_and_config.py::test_mutating_any_frozen_field_is_rejected[namespaces] PASSED [ 21%]
data/expander_code/exp105/tests/test_contract_and_config.py::test_mutating_any_frozen_field_is_rejected[bootstrap] PASSED [ 22%]
data/expander_code/exp105/tests/test_contract_and_config.py::test_mutating_any_frozen_field_is_rejected[replay] PASSED [ 23%]
data/expander_code/exp105/tests/test_contract_and_config.py::test_mutating_any_frozen_field_is_rejected[crossing] PASSED [ 24%]
data/expander_code/exp105/tests/test_contract_and_config.py::test_mutating_any_frozen_field_is_rejected[preflight] PASSED [ 24%]
data/expander_code/exp105/tests/test_contract_and_config.py::test_mutating_any_frozen_field_is_rejected[master_seed_hex] PASSED [ 25%]
data/expander_code/exp105/tests/test_contract_and_config.py::test_mutating_any_frozen_field_is_rejected[objective] PASSED [ 26%]
data/expander_code/exp105/tests/test_contract_and_config.py::test_mutating_any_frozen_field_is_rejected[registry_path] PASSED [ 27%]
data/expander_code/exp105/tests/test_contract_and_config.py::test_mutating_any_frozen_field_is_rejected[codes_per_task] PASSED [ 27%]
data/expander_code/exp105/tests/test_contract_and_config.py::test_mutating_any_frozen_field_is_rejected[q_token] PASSED [ 28%]
data/expander_code/exp105/tests/test_contract_and_config.py::test_mutating_any_frozen_field_is_rejected[phase] PASSED [ 29%]
data/expander_code/exp105/tests/test_contract_and_config.py::test_unknown_or_missing_top_level_fields_are_rejected PASSED [ 29%]
data/expander_code/exp105/tests/test_contract_and_config.py::test_config_sha_mismatch_is_rejected PASSED [ 30%]
data/expander_code/exp105/tests/test_contract_and_config.py::test_config_must_be_the_canonical_artifact PASSED [ 31%]
data/expander_code/exp105/tests/test_contract_and_config.py::test_phase_and_schema_must_agree PASSED [ 32%]
data/expander_code/exp105/tests/test_crossing_decisions.py::test_certified_crossing_reports_the_tightest_bracket PASSED [ 32%]
data/expander_code/exp105/tests/test_crossing_decisions.py::test_bracket_does_not_need_adjacent_grid_points PASSED [ 33%]
data/expander_code/exp105/tests/test_crossing_decisions.py::test_a_band_that_contains_zero_everywhere_certifies_nothing PASSED [ 34%]
data/expander_code/exp105/tests/test_crossing_decisions.py::test_an_always_positive_contrast_is_not_a_crossing PASSED [ 35%]
data/expander_code/exp105/tests/test_crossing_decisions.py::test_a_positive_to_negative_reversal_is_the_wrong_direction PASSED [ 35%]
data/expander_code/exp105/tests/test_crossing_decisions.py::test_positive_before_negative_does_not_certify_a_crossing PASSED [ 36%]
data/expander_code/exp105/tests/test_crossing_decisions.py::test_nan_contrasts_are_never_certified PASSED [ 37%]
data/expander_code/exp105/tests/test_crossing_decisions.py::test_crossing_location_interpolates_linearly PASSED [ 37%]
data/expander_code/exp105/tests/test_crossing_decisions.py::test_crossing_location_is_undefined_without_a_certified_bracket PASSED [ 38%]
data/expander_code/exp105/tests/test_crossing_decisions.py::test_crossing_location_flags_unstable_replicates PASSED [ 39%]
data/expander_code/exp105/tests/test_crossing_decisions.py::test_cluster_bootstrap_recovers_the_pooled_means PASSED [ 40%]
data/expander_code/exp105/tests/test_crossing_decisions.py::test_cluster_bootstrap_is_reproducible_for_a_given_label PASSED [ 40%]
data/expander_code/exp105/tests/test_crossing_decisions.py::test_more_codes_narrow_the_simultaneous_band PASSED [ 41%]
data/expander_code/exp105/tests/test_crossing_decisions.py::test_wilson_interval_brackets_the_point_estimate PASSED [ 42%]
data/expander_code/exp105/tests/test_crossing_decisions.py::test_cluster_bootstrap_handles_unequal_panels PASSED [ 43%]
data/expander_code/exp105/tests/test_crossing_decisions.py::test_cluster_bootstrap_rejects_a_missing_trial_count PASSED [ 43%]
data/expander_code/exp105/tests/test_decoder_determinism.py::test_augmented_decoder_reaches_the_non_convergent_path PASSED [ 44%]
data/expander_code/exp105/tests/test_decoder_determinism.py::test_augmented_decoder_is_deterministic_on_repeat PASSED [ 45%]
data/expander_code/exp105/tests/test_decoder_determinism.py::test_augmented_decoder_is_deterministic_across_fresh_instances PASSED [ 45%]
data/expander_code/exp105/tests/test_decoder_determinism.py::test_decode_does_not_depend_on_call_order PASSED [ 46%]
data/expander_code/exp105/tests/test_ensemble_and_registry.py::test_registry_covers_the_whole_panel_exactly_once PASSED [ 47%]
data/expander_code/exp105/tests/test_ensemble_and_registry.py::test_every_accepted_code_has_the_frozen_family_parameters PASSED [ 48%]
data/expander_code/exp105/tests/test_ensemble_and_registry.py::test_parity_check_matrices_are_pairwise_distinct_within_each_m PASSED [ 48%]
data/expander_code/exp105/tests/test_ensemble_and_registry.py::test_codes_rebuild_from_their_seeds PASSED [ 49%]
data/expander_code/exp105/tests/test_ensemble_and_registry.py::test_tampering_with_a_registry_row_is_detected PASSED [ 50%]
data/expander_code/exp105/tests/test_ensemble_and_registry.py::test_registry_hash_binds_the_whole_file PASSED [ 51%]
data/expander_code/exp105/tests/test_ensemble_and_registry.py::test_registry_hash_binds_the_metadata_too PASSED [ 51%]
data/expander_code/exp105/tests/test_ensemble_and_registry.py::test_acceptance_rule_rejects_rank_deficient_candidates PASSED [ 52%]
data/expander_code/exp105/tests/test_ensemble_and_registry.py::test_generation_is_deterministic_for_a_given_seed PASSED [ 53%]
data/expander_code/exp105/tests/test_ensemble_and_registry.py::test_registry_prefix_is_stable_under_extension PASSED [ 54%]
data/expander_code/exp105/tests/test_ensemble_and_registry.py::test_census_reports_a_normalized_distance_distribution PASSED [ 54%]
data/expander_code/exp105/tests/test_ensemble_and_registry.py::test_the_pilot_ensemble_namespace_draws_different_codes PASSED [ 55%]
data/expander_code/exp105/tests/test_ensemble_and_registry.py::test_model_build_agrees_with_the_registry_row PASSED [ 56%]
data/expander_code/exp105/tests/test_ensemble_and_registry.py::test_model_rejects_a_row_with_unexpected_fields PASSED [ 56%]
data/expander_code/exp105/tests/test_exp104_equality.py::test_models_are_byte_identical[3-0] PASSED [ 57%]
data/expander_code/exp105/tests/test_exp104_equality.py::test_models_are_byte_identical[3-1] PASSED [ 58%]
data/expander_code/exp105/tests/test_exp104_equality.py::test_models_are_byte_identical[3-2] PASSED [ 59%]
data/expander_code/exp105/tests/test_exp104_equality.py::test_models_are_byte_identical[4-0] PASSED [ 59%]
data/expander_code/exp105/tests/test_exp104_equality.py::test_models_are_byte_identical[5-0] PASSED [ 60%]
data/expander_code/exp105/tests/test_exp104_equality.py::test_q0_verdicts_and_labels_agree[3-0] PASSED [ 61%]
data/expander_code/exp105/tests/test_exp104_equality.py::test_q0_verdicts_and_labels_agree[3-1] PASSED [ 62%]
data/expander_code/exp105/tests/test_exp104_equality.py::test_q0_verdicts_and_labels_agree[3-2] PASSED [ 62%]
data/expander_code/exp105/tests/test_exp104_equality.py::test_q0_verdicts_and_labels_agree[4-0] PASSED [ 63%]
data/expander_code/exp105/tests/test_exp104_equality.py::test_q0_verdicts_and_labels_agree[5-0] PASSED [ 64%]
data/expander_code/exp105/tests/test_exp104_equality.py::test_the_comparison_would_notice_a_difference PASSED [ 64%]
data/expander_code/exp105/tests/test_exp104_equality.py::test_row_rekeying_preserves_every_other_field PASSED [ 65%]
data/expander_code/exp105/tests/test_label_map.py::test_label_basis_matches_exp101_frame[3] PASSED [ 66%]
data/expander_code/exp105/tests/test_label_map.py::test_independent_label_map_agrees[3] PASSED [ 67%]
data/expander_code/exp105/tests/test_label_map.py::test_trivial_class_generators_match_the_label_kernel[3] PASSED [ 67%]
data/expander_code/exp105/tests/test_label_map.py::test_stabilizers_and_logicals_land_where_they_should[3] PASSED [ 68%]
data/expander_code/exp105/tests/test_label_map.py::test_phi_r_reduces_to_exp104_scoring_at_zero_syndrome[3] PASSED [ 69%]
data/expander_code/exp105/tests/test_label_map.py::test_label_basis_equals_logical_Z_for_this_family[3] PASSED [ 70%]
data/expander_code/exp105/tests/test_label_map.py::test_the_failure_criterion_differs_from_exp104_at_nonzero_syndrome[3] PASSED [ 70%]
data/expander_code/exp105/tests/test_label_map.py::test_score_logical_class_ignores_the_readout_residual[3] PASSED [ 71%]
data/expander_code/exp105/tests/test_label_map.py::test_label_basis_matches_exp101_frame[8] PASSED [ 72%]
data/expander_code/exp105/tests/test_label_map.py::test_independent_label_map_agrees[8] PASSED [ 72%]
data/expander_code/exp105/tests/test_label_map.py::test_trivial_class_generators_match_the_label_kernel[8] PASSED [ 73%]
data/expander_code/exp105/tests/test_label_map.py::test_stabilizers_and_logicals_land_where_they_should[8] PASSED [ 74%]
data/expander_code/exp105/tests/test_label_map.py::test_phi_r_reduces_to_exp104_scoring_at_zero_syndrome[8] PASSED [ 75%]
data/expander_code/exp105/tests/test_label_map.py::test_label_basis_equals_logical_Z_for_this_family[8] PASSED [ 75%]
data/expander_code/exp105/tests/test_label_map.py::test_the_failure_criterion_differs_from_exp104_at_nonzero_syndrome[8] PASSED [ 76%]
data/expander_code/exp105/tests/test_label_map.py::test_score_logical_class_ignores_the_readout_residual[8] PASSED [ 77%]
data/expander_code/exp105/tests/test_publication_loader.py::test_loader_accepts_the_complete_aggregate PASSED [ 78%]
data/expander_code/exp105/tests/test_publication_loader.py::test_loader_round_trips_through_an_npz_file PASSED [ 78%]
data/expander_code/exp105/tests/test_publication_loader.py::test_loader_rejects_a_tampered_payload_without_rehashing PASSED [ 79%]
data/expander_code/exp105/tests/test_publication_loader.py::test_loader_recomputes_rates_from_counts PASSED [ 80%]
data/expander_code/exp105/tests/test_publication_loader.py::test_loader_recomputes_the_pooled_mean PASSED [ 81%]
data/expander_code/exp105/tests/test_publication_loader.py::test_loader_recomputes_the_cluster_standard_error PASSED [ 81%]
data/expander_code/exp105/tests/test_publication_loader.py::test_loader_recomputes_the_strata_table PASSED [ 82%]
data/expander_code/exp105/tests/test_publication_loader.py::test_loader_rejects_a_relabelled_terminal_status PASSED [ 83%]
data/expander_code/exp105/tests/test_publication_loader.py::test_loader_rejects_a_moved_crossing_location PASSED [ 83%]
data/expander_code/exp105/tests/test_publication_loader.py::test_loader_rejects_a_widened_or_narrowed_band PASSED [ 84%]
data/expander_code/exp105/tests/test_publication_loader.py::test_loader_rejects_a_foreign_config PASSED [ 85%]
data/expander_code/exp105/tests/test_publication_loader.py::test_loader_refuses_an_incomplete_publication PASSED [ 86%]
data/expander_code/exp105/tests/test_publication_loader.py::test_loader_refuses_a_missing_replay_gate PASSED [ 86%]
data/expander_code/exp105/tests/test_publication_loader.py::test_loader_refuses_unexpected_raw_errors PASSED [ 87%]
data/expander_code/exp105/tests/test_publication_loader.py::test_loader_refuses_cells_that_are_not_reportable PASSED [ 88%]
data/expander_code/exp105/tests/test_publication_loader.py::test_loader_refuses_counts_outside_the_trial_allocation PASSED [ 89%]
data/expander_code/exp105/tests/test_worker_and_replay.py::test_task_is_valid_and_complete PASSED [ 89%]
data/expander_code/exp105/tests/test_worker_and_replay.py::test_task_records_the_frame_identities PASSED [ 90%]
data/expander_code/exp105/tests/test_worker_and_replay.py::test_outcomes_are_in_range_and_stream_digests_are_populated PASSED [ 91%]
data/expander_code/exp105/tests/test_worker_and_replay.py::test_failure_flag_equals_nontrivial_label PASSED [ 91%]
data/expander_code/exp105/tests/test_worker_and_replay.py::test_failure_rate_rises_with_p PASSED [ 92%]
data/expander_code/exp105/tests/test_worker_and_replay.py::test_trials_reproduce_from_the_recorded_seed PASSED [ 93%]
data/expander_code/exp105/tests/test_worker_and_replay.py::test_replay_passes_on_an_untouched_task PASSED [ 94%]
data/expander_code/exp105/tests/test_worker_and_replay.py::test_replay_catches_a_single_flipped_outcome[failure_flags-index0] PASSED [ 94%]
data/expander_code/exp105/tests/test_worker_and_replay.py::test_replay_catches_a_single_flipped_outcome[logical_labels-index1] PASSED [ 95%]
data/expander_code/exp105/tests/test_worker_and_replay.py::test_replay_catches_a_single_flipped_outcome[readout_match-index2] PASSED [ 96%]
data/expander_code/exp105/tests/test_worker_and_replay.py::test_replay_catches_a_single_flipped_outcome[bp_iterations-index3] PASSED [ 97%]
data/expander_code/exp105/tests/test_worker_and_replay.py::test_replay_catches_a_tampered_stream_digest PASSED [ 97%]
data/expander_code/exp105/tests/test_worker_and_replay.py::test_raw_is_immutable PASSED [ 98%]
data/expander_code/exp105/tests/test_worker_and_replay.py::test_committed_replay_covers_block_zero_of_every_m PASSED [ 99%]
data/expander_code/exp105/tests/test_worker_and_replay.py::test_committed_replay_is_fixed_by_the_seed PASSED [100%]

======================== 137 passed in 86.12s (0:01:26) ========================
===== pytest group: exp104 =====
============================= test session starts ==============================
platform darwin -- Python 3.12.12, pytest-9.0.3, pluggy-1.6.0 -- /Users/jarvis/miniforge3/envs/12/bin/python
cachedir: .pytest_cache
rootdir: /Users/jarvis/Desktop/project_D
plugins: anyio-4.12.1
collecting ... collected 131 items

data/expander_code/exp104/tests/test_aggregate_fail_closed.py::test_an_empty_raw_tree_is_incomplete PASSED [  0%]
data/expander_code/exp104/tests/test_aggregate_fail_closed.py::test_one_valid_task_reports_only_its_own_codes PASSED [  1%]
data/expander_code/exp104/tests/test_aggregate_fail_closed.py::test_an_invalid_task_poisons_its_cells_rather_than_being_dropped PASSED [  2%]
data/expander_code/exp104/tests/test_aggregate_fail_closed.py::test_a_schema_mismatch_is_recorded_as_an_unexpected_error PASSED [  3%]
data/expander_code/exp104/tests/test_aggregate_fail_closed.py::test_a_grid_mismatch_is_recorded_as_an_unexpected_error PASSED [  3%]
data/expander_code/exp104/tests/test_aggregate_fail_closed.py::test_unplanned_raw_evidence_is_refused PASSED [  4%]
data/expander_code/exp104/tests/test_aggregate_fail_closed.py::test_duplicate_task_identities_are_refused PASSED [  5%]
data/expander_code/exp104/tests/test_aggregate_fail_closed.py::test_counts_and_rates_agree_for_an_ingested_task PASSED [  6%]
data/expander_code/exp104/tests/test_contract_and_config.py::test_grid_and_panel_are_the_frozen_ones PASSED [  6%]
data/expander_code/exp104/tests/test_contract_and_config.py::test_decoder_identity_matches_the_frozen_exp103_decoder PASSED [  7%]
data/expander_code/exp104/tests/test_contract_and_config.py::test_ensemble_rule_declares_no_post_selection PASSED [  8%]
data/expander_code/exp104/tests/test_contract_and_config.py::test_crossing_rule_is_primary_only_and_not_adjacent_bound PASSED [  9%]
data/expander_code/exp104/tests/test_contract_and_config.py::test_replay_policy_is_a_committed_subsample PASSED [  9%]
data/expander_code/exp104/tests/test_contract_and_config.py::test_remote_profile_pins_nd3_and_the_authorized_caps PASSED [ 10%]
data/expander_code/exp104/tests/test_contract_and_config.py::test_namespaces_are_disjoint_and_experiment_scoped PASSED [ 11%]
data/expander_code/exp104/tests/test_contract_and_config.py::test_task_blocking_partitions_every_code_exactly_once PASSED [ 12%]
data/expander_code/exp104/tests/test_contract_and_config.py::test_block_index_outside_the_plan_is_rejected PASSED [ 12%]
data/expander_code/exp104/tests/test_contract_and_config.py::test_code_id_round_trip_and_range PASSED [ 13%]
data/expander_code/exp104/tests/test_contract_and_config.py::test_p_token_normalization_rejects_everything_off_grid PASSED [ 14%]
data/expander_code/exp104/tests/test_contract_and_config.py::test_mutating_any_frozen_field_is_rejected[p_tokens] PASSED [ 15%]
data/expander_code/exp104/tests/test_contract_and_config.py::test_mutating_any_frozen_field_is_rejected[m_values] PASSED [ 16%]
data/expander_code/exp104/tests/test_contract_and_config.py::test_mutating_any_frozen_field_is_rejected[codes_per_m] PASSED [ 16%]
data/expander_code/exp104/tests/test_contract_and_config.py::test_mutating_any_frozen_field_is_rejected[trials_per_code_p] PASSED [ 17%]
data/expander_code/exp104/tests/test_contract_and_config.py::test_mutating_any_frozen_field_is_rejected[decoder] PASSED [ 18%]
data/expander_code/exp104/tests/test_contract_and_config.py::test_mutating_any_frozen_field_is_rejected[ensemble] PASSED [ 19%]
data/expander_code/exp104/tests/test_contract_and_config.py::test_mutating_any_frozen_field_is_rejected[namespaces] PASSED [ 19%]
data/expander_code/exp104/tests/test_contract_and_config.py::test_mutating_any_frozen_field_is_rejected[bootstrap] PASSED [ 20%]
data/expander_code/exp104/tests/test_contract_and_config.py::test_mutating_any_frozen_field_is_rejected[replay] PASSED [ 21%]
data/expander_code/exp104/tests/test_contract_and_config.py::test_mutating_any_frozen_field_is_rejected[crossing] PASSED [ 22%]
data/expander_code/exp104/tests/test_contract_and_config.py::test_mutating_any_frozen_field_is_rejected[preflight] PASSED [ 22%]
data/expander_code/exp104/tests/test_contract_and_config.py::test_mutating_any_frozen_field_is_rejected[master_seed_hex] PASSED [ 23%]
data/expander_code/exp104/tests/test_contract_and_config.py::test_mutating_any_frozen_field_is_rejected[objective] PASSED [ 24%]
data/expander_code/exp104/tests/test_contract_and_config.py::test_mutating_any_frozen_field_is_rejected[registry_path] PASSED [ 25%]
data/expander_code/exp104/tests/test_contract_and_config.py::test_mutating_any_frozen_field_is_rejected[codes_per_task] PASSED [ 25%]
data/expander_code/exp104/tests/test_contract_and_config.py::test_unknown_or_missing_top_level_fields_are_rejected PASSED [ 26%]
data/expander_code/exp104/tests/test_contract_and_config.py::test_config_sha_mismatch_is_rejected PASSED [ 27%]
data/expander_code/exp104/tests/test_contract_and_config.py::test_config_must_be_the_canonical_artifact PASSED [ 28%]
data/expander_code/exp104/tests/test_contract_and_config.py::test_remote_config_rejects_a_placeholder_source_identity PASSED [ 29%]
data/expander_code/exp104/tests/test_crossing_decisions.py::test_certified_crossing_reports_the_tightest_bracket PASSED [ 29%]
data/expander_code/exp104/tests/test_crossing_decisions.py::test_bracket_does_not_need_adjacent_grid_points PASSED [ 30%]
data/expander_code/exp104/tests/test_crossing_decisions.py::test_a_band_that_contains_zero_everywhere_certifies_nothing PASSED [ 31%]
data/expander_code/exp104/tests/test_crossing_decisions.py::test_an_always_positive_contrast_is_not_a_crossing PASSED [ 32%]
data/expander_code/exp104/tests/test_crossing_decisions.py::test_a_positive_to_negative_reversal_is_the_wrong_direction PASSED [ 32%]
data/expander_code/exp104/tests/test_crossing_decisions.py::test_positive_before_negative_does_not_certify_a_crossing PASSED [ 33%]
data/expander_code/exp104/tests/test_crossing_decisions.py::test_nan_contrasts_are_never_certified PASSED [ 34%]
data/expander_code/exp104/tests/test_crossing_decisions.py::test_crossing_location_interpolates_linearly PASSED [ 35%]
data/expander_code/exp104/tests/test_crossing_decisions.py::test_crossing_location_is_undefined_without_a_certified_bracket PASSED [ 35%]
data/expander_code/exp104/tests/test_crossing_decisions.py::test_crossing_location_flags_unstable_replicates PASSED [ 36%]
data/expander_code/exp104/tests/test_crossing_decisions.py::test_cluster_bootstrap_recovers_the_pooled_means PASSED [ 37%]
data/expander_code/exp104/tests/test_crossing_decisions.py::test_cluster_bootstrap_is_reproducible_for_a_given_label PASSED [ 38%]
data/expander_code/exp104/tests/test_crossing_decisions.py::test_more_codes_narrow_the_simultaneous_band PASSED [ 38%]
data/expander_code/exp104/tests/test_crossing_decisions.py::test_wilson_interval_brackets_the_point_estimate PASSED [ 39%]
data/expander_code/exp104/tests/test_decoder_determinism.py::test_frozen_decoder_is_deterministic_where_bp_does_not_converge[data.expander_code.exp104.exp104_pipeline.worker-make_decoder] PASSED [ 40%]
data/expander_code/exp104/tests/test_decoder_determinism.py::test_frozen_decoder_is_deterministic_where_bp_does_not_converge[data.expander_code.exp104.exp104_pipeline.replay-_decoder] PASSED [ 41%]
data/expander_code/exp104/tests/test_decoder_determinism.py::test_worker_and_replay_decoders_agree_trial_by_trial PASSED [ 41%]
data/expander_code/exp104/tests/test_decoder_determinism.py::test_frozen_decoder_identity_excludes_the_randomized_lsd_stage PASSED [ 42%]
data/expander_code/exp104/tests/test_ensemble_and_registry.py::test_registry_covers_the_whole_panel_exactly_once PASSED [ 43%]
data/expander_code/exp104/tests/test_ensemble_and_registry.py::test_every_accepted_code_has_the_frozen_family_parameters PASSED [ 44%]
data/expander_code/exp104/tests/test_ensemble_and_registry.py::test_parity_check_matrices_are_pairwise_distinct_within_each_m PASSED [ 45%]
data/expander_code/exp104/tests/test_ensemble_and_registry.py::test_codes_rebuild_from_their_seeds PASSED [ 45%]
data/expander_code/exp104/tests/test_ensemble_and_registry.py::test_tampering_with_a_registry_row_is_detected PASSED [ 46%]
data/expander_code/exp104/tests/test_ensemble_and_registry.py::test_registry_hash_binds_the_whole_file PASSED [ 47%]
data/expander_code/exp104/tests/test_ensemble_and_registry.py::test_acceptance_rule_rejects_rank_deficient_candidates PASSED [ 48%]
data/expander_code/exp104/tests/test_ensemble_and_registry.py::test_generation_is_deterministic_for_a_given_seed PASSED [ 48%]
data/expander_code/exp104/tests/test_ensemble_and_registry.py::test_registry_prefix_is_stable_under_extension PASSED [ 49%]
data/expander_code/exp104/tests/test_ensemble_and_registry.py::test_census_reports_a_normalized_distance_distribution PASSED [ 50%]
data/expander_code/exp104/tests/test_ensemble_and_registry.py::test_model_build_agrees_with_the_registry_row PASSED [ 51%]
data/expander_code/exp104/tests/test_ensemble_and_registry.py::test_model_rejects_a_row_with_unexpected_fields PASSED [ 51%]
data/expander_code/exp104/tests/test_publication_loader.py::test_loader_accepts_the_complete_aggregate PASSED [ 52%]
data/expander_code/exp104/tests/test_publication_loader.py::test_loader_round_trips_through_an_npz_file PASSED [ 53%]
data/expander_code/exp104/tests/test_publication_loader.py::test_loader_rejects_a_tampered_payload_without_rehashing PASSED [ 54%]
data/expander_code/exp104/tests/test_publication_loader.py::test_loader_recomputes_rates_from_counts PASSED [ 54%]
data/expander_code/exp104/tests/test_publication_loader.py::test_loader_recomputes_the_pooled_mean PASSED [ 55%]
data/expander_code/exp104/tests/test_publication_loader.py::test_loader_recomputes_the_cluster_standard_error PASSED [ 56%]
data/expander_code/exp104/tests/test_publication_loader.py::test_loader_recomputes_the_strata_table PASSED [ 57%]
data/expander_code/exp104/tests/test_publication_loader.py::test_loader_rejects_a_relabelled_terminal_status PASSED [ 58%]
data/expander_code/exp104/tests/test_publication_loader.py::test_loader_rejects_a_moved_crossing_location PASSED [ 58%]
data/expander_code/exp104/tests/test_publication_loader.py::test_loader_rejects_a_widened_or_narrowed_band PASSED [ 59%]
data/expander_code/exp104/tests/test_publication_loader.py::test_loader_rejects_a_foreign_config PASSED [ 60%]
data/expander_code/exp104/tests/test_publication_loader.py::test_loader_refuses_an_incomplete_publication PASSED [ 61%]
data/expander_code/exp104/tests/test_publication_loader.py::test_loader_refuses_a_missing_replay_gate PASSED [ 61%]
data/expander_code/exp104/tests/test_publication_loader.py::test_loader_refuses_unexpected_raw_errors PASSED [ 62%]
data/expander_code/exp104/tests/test_publication_loader.py::test_loader_refuses_cells_that_are_not_reportable PASSED [ 63%]
data/expander_code/exp104/tests/test_publication_loader.py::test_loader_refuses_counts_outside_the_trial_allocation PASSED [ 64%]
data/expander_code/exp104/tests/test_remote_execution.py::test_committed_replay_subsample_is_deterministic PASSED [ 64%]
data/expander_code/exp104/tests/test_remote_execution.py::test_committed_replay_subsample_is_about_ten_percent PASSED [ 65%]
data/expander_code/exp104/tests/test_remote_execution.py::test_committed_replay_covers_every_m_and_therefore_every_p PASSED [ 66%]
data/expander_code/exp104/tests/test_remote_execution.py::test_replay_subsample_depends_on_the_frozen_seed PASSED [ 67%]
data/expander_code/exp104/tests/test_remote_execution.py::test_replay_report_validation_requires_full_coverage PASSED [ 67%]
data/expander_code/exp104/tests/test_remote_execution.py::test_resource_estimate_passes_under_the_frozen_caps PASSED [ 68%]
data/expander_code/exp104/tests/test_remote_execution.py::test_resource_estimate_blocks_when_a_cap_binds PASSED [ 69%]
data/expander_code/exp104/tests/test_remote_execution.py::test_resource_estimate_reserves_twice_the_projected_work PASSED [ 70%]
data/expander_code/exp104/tests/test_remote_execution.py::test_replay_is_a_small_fraction_of_the_generation_cost PASSED [ 70%]
data/expander_code/exp104/tests/test_remote_execution.py::test_resource_estimate_requires_every_anchor PASSED [ 71%]
data/expander_code/exp104/tests/test_remote_execution.py::test_run_root_must_sit_under_the_frozen_run_root PASSED [ 72%]
data/expander_code/exp104/tests/test_remote_execution.py::test_remote_commands_refuse_the_local_config PASSED [ 73%]
data/expander_code/exp104/tests/test_remote_execution.py::test_unplanned_raw_evidence_is_refused_before_a_run PASSED [ 74%]
data/expander_code/exp104/tests/test_remote_execution.py::test_incomplete_raw_evidence_is_refused_when_completeness_is_required PASSED [ 74%]
data/expander_code/exp104/tests/test_remote_execution.py::test_bytecode_detection_catches_pycache PASSED [ 75%]
data/expander_code/exp104/tests/test_remote_execution.py::test_qualification_groups_point_at_real_tests PASSED [ 76%]
data/expander_code/exp104/tests/test_remote_execution.py::test_qualification_validation_accepts_a_clean_pass PASSED [ 77%]
data/expander_code/exp104/tests/test_remote_execution.py::test_qualification_validation_refuses_a_degraded_environment[override0] PASSED [ 77%]
data/expander_code/exp104/tests/test_remote_execution.py::test_qualification_validation_refuses_a_degraded_environment[override1] PASSED [ 78%]
data/expander_code/exp104/tests/test_remote_execution.py::test_qualification_validation_refuses_a_degraded_environment[override2] PASSED [ 79%]
data/expander_code/exp104/tests/test_remote_execution.py::test_qualification_validation_refuses_a_degraded_environment[override3] PASSED [ 80%]
data/expander_code/exp104/tests/test_remote_execution.py::test_qualification_validation_refuses_a_degraded_environment[override4] PASSED [ 80%]
data/expander_code/exp104/tests/test_remote_execution.py::test_qualification_validation_refuses_a_degraded_environment[override5] PASSED [ 81%]
data/expander_code/exp104/tests/test_remote_execution.py::test_qualification_validation_refuses_skipped_or_missing_tests PASSED [ 82%]
data/expander_code/exp104/tests/test_remote_execution.py::test_qualification_validation_refuses_too_few_cpus PASSED [ 83%]
data/expander_code/exp104/tests/test_remote_execution.py::test_preflight_validation_refuses_a_substituted_replay_subsample PASSED [ 83%]
data/expander_code/exp104/tests/test_remote_execution.py::test_task_plan_covers_every_code_once PASSED [ 84%]
data/expander_code/exp104/tests/test_worker_and_replay.py::test_task_completes_and_carries_the_frozen_identity PASSED [ 85%]
data/expander_code/exp104/tests/test_worker_and_replay.py::test_task_arrays_have_the_declared_shapes PASSED [ 86%]
data/expander_code/exp104/tests/test_worker_and_replay.py::test_seeds_are_derived_from_the_frozen_namespace PASSED [ 87%]
data/expander_code/exp104/tests/test_worker_and_replay.py::test_failure_rate_rises_with_p PASSED [ 87%]
data/expander_code/exp104/tests/test_worker_and_replay.py::test_round_trip_through_storage_preserves_every_field PASSED [ 88%]
data/expander_code/exp104/tests/test_worker_and_replay.py::test_storage_refuses_to_overwrite_immutable_evidence PASSED [ 89%]
data/expander_code/exp104/tests/test_worker_and_replay.py::test_replay_reproduces_the_task_bit_for_bit PASSED [ 90%]
data/expander_code/exp104/tests/test_worker_and_replay.py::test_replay_rejects_a_single_flipped_outcome[failure_flags] PASSED [ 90%]
data/expander_code/exp104/tests/test_worker_and_replay.py::test_replay_rejects_a_single_flipped_outcome[logical_labels] PASSED [ 91%]
data/expander_code/exp104/tests/test_worker_and_replay.py::test_replay_rejects_a_single_flipped_outcome[syndrome_match] PASSED [ 92%]
data/expander_code/exp104/tests/test_worker_and_replay.py::test_replay_rejects_a_single_flipped_outcome[bp_converged] PASSED [ 93%]
data/expander_code/exp104/tests/test_worker_and_replay.py::test_replay_rejects_a_single_flipped_outcome[bp_iterations] PASSED [ 93%]
data/expander_code/exp104/tests/test_worker_and_replay.py::test_replay_rejects_a_tampered_stream_digest[error_stream_sha256] PASSED [ 94%]
data/expander_code/exp104/tests/test_worker_and_replay.py::test_replay_rejects_a_tampered_stream_digest[correction_stream_sha256] PASSED [ 95%]
data/expander_code/exp104/tests/test_worker_and_replay.py::test_replay_rejects_a_tampered_stream_digest[label_stream_sha256] PASSED [ 96%]
data/expander_code/exp104/tests/test_worker_and_replay.py::test_replay_rejects_a_tampered_code_identity PASSED [ 96%]
data/expander_code/exp104/tests/test_worker_and_replay.py::test_replay_rejects_an_incomplete_task PASSED [ 97%]
data/expander_code/exp104/tests/test_worker_and_replay.py::test_scorer_agrees_with_an_independent_rowspace_scorer PASSED [ 98%]
data/expander_code/exp104/tests/test_worker_and_replay.py::test_worker_scorer_matches_the_audit_scorer PASSED [ 99%]
data/expander_code/exp104/tests/test_worker_and_replay.py::test_worker_rejects_a_task_outside_the_frozen_plan PASSED [100%]

============================= 131 passed in 29.43s =============================
===== pytest group: exp101 =====
============================= test session starts ==============================
platform darwin -- Python 3.12.12, pytest-9.0.3, pluggy-1.6.0 -- /Users/jarvis/miniforge3/envs/12/bin/python
cachedir: .pytest_cache
rootdir: /Users/jarvis/Desktop/project_D
plugins: anyio-4.12.1
collecting ... collected 366 items

data/expander_code/exp101/tests/test_contract_text.py::test_current_contract_never_reverses_plus_zero_sector_mapping PASSED [  0%]
data/expander_code/exp101/tests/test_contract_text.py::test_current_source_has_no_removed_or_ambiguous_outputs PASSED [  0%]
data/expander_code/exp101/tests/test_contract_text.py::test_local_contract_does_not_leak_machine_environment_rules PASSED [  0%]
data/expander_code/exp101/tests/test_contract_text.py::test_current_narratives_keep_physics_v2_and_scan_v3_boundaries_explicit PASSED [  1%]
data/expander_code/exp101/tests/test_contract_text.py::test_historical_runners_cannot_overwrite_alignment_warning PASSED [  1%]
data/expander_code/exp101/tests/test_contract_text.py::test_tracked_historical_summaries_remain_marked_pre_alignment PASSED [  1%]
data/expander_code/exp101/tests/test_contract_text.py::test_validation_014_runner_forces_fresh_auditable_evidence PASSED [  1%]
data/expander_code/exp101/tests/test_contract_text.py::test_validation_015_runner_captures_aggregation_safety_evidence PASSED [  2%]
data/expander_code/exp101/tests/test_enumerate_exact.py::TestAgainstPerPointEnum::test_full_table_matches_util_enum_many_pq[<lambda>0] PASSED [  2%]
data/expander_code/exp101/tests/test_enumerate_exact.py::TestAgainstPerPointEnum::test_full_table_matches_util_enum_many_pq[<lambda>1] PASSED [  2%]
data/expander_code/exp101/tests/test_enumerate_exact.py::TestAgainstPerPointEnum::test_q_zero_coset_matches_util_enum PASSED [  3%]
data/expander_code/exp101/tests/test_enumerate_exact.py::TestStructuralIdentities::test_coset_equals_full_ws0_slice PASSED [  3%]
data/expander_code/exp101/tests/test_enumerate_exact.py::TestStructuralIdentities::test_python_and_numba_identical PASSED [  3%]
data/expander_code/exp101/tests/test_enumerate_exact.py::TestStructuralIdentities::test_mu_per_label_matches_direct PASSED [  3%]
data/expander_code/exp101/tests/test_enumerate_exact.py::TestStructuralIdentities::test_complete_absolute_and_relative_character_oracle PASSED [  4%]
data/expander_code/exp101/tests/test_enumerate_exact.py::TestGuards::test_large_n_rejected PASSED [  4%]
data/expander_code/exp101/tests/test_enumerate_exact.py::TestGuards::test_q_zero_coset_rejects_large_logical_dimension_before_allocation PASSED [  4%]
data/expander_code/exp101/tests/test_enumerate_exact.py::TestGuards::test_q_zero_coset_applies_table_byte_guard PASSED [  4%]
data/expander_code/exp101/tests/test_enumerate_exact.py::TestGuards::test_k43_within_guards_smoke PASSED [  5%]
data/expander_code/exp101/tests/test_enumerate_exact.py::TestLegacyExactSchema::test_legacy_values_are_exposed_only_under_formal_names PASSED [  5%]
data/expander_code/exp101/tests/test_enumerate_exact.py::TestLegacyExactSchema::test_exact_table_legacy_argument_alias_is_read_only PASSED [  5%]
data/expander_code/exp101/tests/test_enumerate_exact.py::TestMainProjectCrossCheck::test_log_partition_relation_machine_precision PASSED [  6%]
data/expander_code/exp101/tests/test_enumerate_exact.py::TestMainProjectCrossCheck::test_m_u_matches_main_in_decoder_frame PASSED [  6%]
data/expander_code/exp101/tests/test_expansion.py::TestManualGraphs::test_matching_passes_everything PASSED [  6%]
data/expander_code/exp101/tests/test_expansion.py::TestManualGraphs::test_complete_bipartite_boundary_case PASSED [  6%]
data/expander_code/exp101/tests/test_expansion.py::TestManualGraphs::test_cycle_adjacent_pair_case PASSED [  7%]
data/expander_code/exp101/tests/test_expansion.py::TestVacuousAndSides::test_vacuous_when_gamma_too_small PASSED [  7%]
data/expander_code/exp101/tests/test_expansion.py::TestVacuousAndSides::test_sides_selection PASSED [  7%]
data/expander_code/exp101/tests/test_expansion.py::TestVacuousAndSides::test_string_and_int_inputs PASSED [  7%]
data/expander_code/exp101/tests/test_expansion.py::TestVacuousAndSides::test_float_rejected PASSED [  8%]
data/expander_code/exp101/tests/test_expansion.py::TestVacuousAndSides::test_out_of_range_rejected PASSED [  8%]
data/expander_code/exp101/tests/test_expansion.py::TestVacuousAndSides::test_subset_budget_guard PASSED [  8%]
data/expander_code/exp101/tests/test_expansion.py::TestAgainstOracle::test_random_34_graphs_match_oracle[12345] PASSED [  9%]
data/expander_code/exp101/tests/test_expansion.py::TestAgainstOracle::test_random_34_graphs_match_oracle[777] PASSED [  9%]
data/expander_code/exp101/tests/test_expansion.py::TestAgainstOracle::test_random_34_graphs_match_oracle[99] PASSED [  9%]
data/expander_code/exp101/tests/test_families.py::TestFindFamilySeed::test_selected_seed_satisfies_rule[full_rank-2] PASSED [  9%]
data/expander_code/exp101/tests/test_families.py::TestFindFamilySeed::test_selected_seed_satisfies_rule[full_rank-3] PASSED [ 10%]
data/expander_code/exp101/tests/test_families.py::TestFindFamilySeed::test_selected_seed_satisfies_rule[full_rank_d3-2] PASSED [ 10%]
data/expander_code/exp101/tests/test_families.py::TestFindFamilySeed::test_selected_seed_satisfies_rule[full_rank_d3-3] PASSED [ 10%]
data/expander_code/exp101/tests/test_families.py::TestFindFamilySeed::test_deterministic PASSED [ 10%]
data/expander_code/exp101/tests/test_families.py::TestFindFamilySeed::test_m1_impossible_under_rules PASSED [ 11%]
data/expander_code/exp101/tests/test_families.py::TestRegistry::test_registry_m2_m3 PASSED [ 11%]
data/expander_code/exp101/tests/test_families.py::TestRegistry::test_registry_reproducible PASSED [ 11%]
data/expander_code/exp101/tests/test_fast_mcmc.py::TestPortablePrngTwins::test_numba_available PASSED [ 12%]
data/expander_code/exp101/tests/test_fast_mcmc.py::TestPortablePrngTwins::test_python_numba_sequences_identical[0] PASSED [ 12%]
data/expander_code/exp101/tests/test_fast_mcmc.py::TestPortablePrngTwins::test_python_numba_sequences_identical[1] PASSED [ 12%]
data/expander_code/exp101/tests/test_fast_mcmc.py::TestPortablePrngTwins::test_python_numba_sequences_identical[12345] PASSED [ 12%]
data/expander_code/exp101/tests/test_fast_mcmc.py::TestPortablePrngTwins::test_python_numba_sequences_identical[1152921504606846983] PASSED [ 13%]
data/expander_code/exp101/tests/test_fast_mcmc.py::TestPortablePrngTwins::test_stream_continuity_across_calls PASSED [ 13%]
data/expander_code/exp101/tests/test_fast_mcmc.py::TestBitLevelEngineIdentity::test_reference_and_fast_identical[classical0-0.12-0.08-true_posterior] PASSED [ 13%]
data/expander_code/exp101/tests/test_fast_mcmc.py::TestBitLevelEngineIdentity::test_reference_and_fast_identical[classical1-0.12-0.08-legacy_delta_only] PASSED [ 13%]
data/expander_code/exp101/tests/test_fast_mcmc.py::TestBitLevelEngineIdentity::test_reference_and_fast_identical[classical2-0.15-0.12-true_posterior] PASSED [ 14%]
data/expander_code/exp101/tests/test_fast_mcmc.py::TestBitLevelEngineIdentity::test_reference_and_fast_identical[classical3-0.18-0.0-true_posterior] PASSED [ 14%]
data/expander_code/exp101/tests/test_fast_mcmc.py::TestBitLevelEngineIdentity::test_reference_and_fast_identical[classical4-0.1-0.05-true_posterior] PASSED [ 14%]
data/expander_code/exp101/tests/test_fast_mcmc.py::TestBitLevelEngineIdentity::test_identity_with_sampled_tier_and_sector_start PASSED [ 15%]
data/expander_code/exp101/tests/test_fast_mcmc.py::TestFastEngineIndependentChecks::test_p_zero_energy_trace_is_finite_and_matches_reference[0.0] PASSED [ 15%]
data/expander_code/exp101/tests/test_fast_mcmc.py::TestFastEngineIndependentChecks::test_p_zero_energy_trace_is_finite_and_matches_reference[0.1] PASSED [ 15%]
data/expander_code/exp101/tests/test_fast_mcmc.py::TestFastEngineIndependentChecks::test_fast_vs_enum PASSED [ 15%]
data/expander_code/exp101/tests/test_fast_mcmc.py::TestFastEngineIndependentChecks::test_force_reference_fallback PASSED [ 16%]
data/expander_code/exp101/tests/test_fast_mcmc.py::TestFastEngineIndependentChecks::test_speedup_on_m2 PASSED [ 16%]
data/expander_code/exp101/tests/test_gates.py::TestSyntheticDiagnostics::test_iid_series PASSED [ 16%]
data/expander_code/exp101/tests/test_gates.py::TestSyntheticDiagnostics::test_ar1_tau PASSED [ 16%]
data/expander_code/exp101/tests/test_gates.py::TestSyntheticDiagnostics::test_r_hat_detects_mean_shift PASSED [ 17%]
data/expander_code/exp101/tests/test_gates.py::TestSyntheticDiagnostics::test_frozen_chain_degeneracies PASSED [ 17%]
data/expander_code/exp101/tests/test_gates.py::TestSyntheticDiagnostics::test_default_sector_bitmasks PASSED [ 17%]
data/expander_code/exp101/tests/test_gates.py::TestGatePositive::test_easy_parameters_pass PASSED [ 18%]
data/expander_code/exp101/tests/test_gates.py::TestGatePositive::test_trajectory_required PASSED [ 18%]
data/expander_code/exp101/tests/test_gates.py::TestGateNegativeFrozen::test_different_sector_starts_detected_by_m_u_spread PASSED [ 18%]
data/expander_code/exp101/tests/test_gates.py::TestGateNegativeFrozen::test_same_sector_cofrozen_still_fails PASSED [ 18%]
data/expander_code/exp101/tests/test_gates.py::TestGateNegativeFrozen::test_pt_round_trips_rescue_transport PASSED [ 19%]
data/expander_code/exp101/tests/test_gates.py::TestGateNegativeFrozen::test_worst_u_semantics PASSED [ 19%]
data/expander_code/exp101/tests/test_gf2.py::TestRankAndEchelon::test_fixed_cases PASSED [ 19%]
data/expander_code/exp101/tests/test_gf2.py::TestRankAndEchelon::test_empty_shapes PASSED [ 19%]
data/expander_code/exp101/tests/test_gf2.py::TestRankAndEchelon::test_rank_matches_oracle_random PASSED [ 20%]
data/expander_code/exp101/tests/test_gf2.py::TestRankAndEchelon::test_rref_properties PASSED [ 20%]
data/expander_code/exp101/tests/test_gf2.py::TestRankAndEchelon::test_input_not_mutated PASSED [ 20%]
data/expander_code/exp101/tests/test_gf2.py::TestNullspace::test_rank_nullity_and_membership PASSED [ 21%]
data/expander_code/exp101/tests/test_gf2.py::TestRowspaceMembership::test_membership_equivalence_with_rank PASSED [ 21%]
data/expander_code/exp101/tests/test_gf2.py::TestRowspaceMembership::test_row_combinations_are_members PASSED [ 21%]
data/expander_code/exp101/tests/test_gf2.py::TestExtendBasis::test_extension_properties PASSED [ 21%]
data/expander_code/exp101/tests/test_gf2.py::TestExtendBasis::test_dependent_existing_basis_rejected PASSED [ 22%]
data/expander_code/exp101/tests/test_gf2.py::TestQuotientBasis::test_quotient_properties PASSED [ 22%]
data/expander_code/exp101/tests/test_gf2.py::TestQuotientBasis::test_containment_violation_raises PASSED [ 22%]
data/expander_code/exp101/tests/test_gf2.py::TestQuotientBasis::test_full_quotient_when_subspace_empty PASSED [ 22%]
data/expander_code/exp101/tests/test_gf2.py::TestSolveAndInverse::test_solve_random_consistent_systems PASSED [ 23%]
data/expander_code/exp101/tests/test_gf2.py::TestSolveAndInverse::test_solve_detects_inconsistency PASSED [ 23%]
data/expander_code/exp101/tests/test_gf2.py::TestSolveAndInverse::test_inverse_roundtrip_and_singular PASSED [ 23%]
data/expander_code/exp101/tests/test_gf2.py::TestSolveAndInverse::test_as_gf2_matrix_normalizes_values PASSED [ 24%]
data/expander_code/exp101/tests/test_graphs.py::TestFamilySizes::test_34_family_table PASSED [ 24%]
data/expander_code/exp101/tests/test_graphs.py::TestFamilySizes::test_gcd_reduction PASSED [ 24%]
data/expander_code/exp101/tests/test_graphs.py::TestFamilySizes::test_invalid_inputs PASSED [ 24%]
data/expander_code/exp101/tests/test_graphs.py::TestRandomBiregularGraph::test_sizes_degrees_simple_consistent[1-3-4-12345] PASSED [ 25%]
data/expander_code/exp101/tests/test_graphs.py::TestRandomBiregularGraph::test_sizes_degrees_simple_consistent[2-3-4-12345] PASSED [ 25%]
data/expander_code/exp101/tests/test_graphs.py::TestRandomBiregularGraph::test_sizes_degrees_simple_consistent[3-3-4-12345] PASSED [ 25%]
data/expander_code/exp101/tests/test_graphs.py::TestRandomBiregularGraph::test_sizes_degrees_simple_consistent[2-3-4-777] PASSED [ 25%]
data/expander_code/exp101/tests/test_graphs.py::TestRandomBiregularGraph::test_sizes_degrees_simple_consistent[2-2-2-5] PASSED [ 26%]
data/expander_code/exp101/tests/test_graphs.py::TestRandomBiregularGraph::test_sizes_degrees_simple_consistent[4-2-3-99] PASSED [ 26%]
data/expander_code/exp101/tests/test_graphs.py::TestRandomBiregularGraph::test_same_seed_reproduces_exactly[1-3-4-12345] PASSED [ 26%]
data/expander_code/exp101/tests/test_graphs.py::TestRandomBiregularGraph::test_same_seed_reproduces_exactly[2-3-4-12345] PASSED [ 27%]
data/expander_code/exp101/tests/test_graphs.py::TestRandomBiregularGraph::test_same_seed_reproduces_exactly[3-3-4-12345] PASSED [ 27%]
data/expander_code/exp101/tests/test_graphs.py::TestRandomBiregularGraph::test_same_seed_reproduces_exactly[2-3-4-777] PASSED [ 27%]
data/expander_code/exp101/tests/test_graphs.py::TestRandomBiregularGraph::test_same_seed_reproduces_exactly[2-2-2-5] PASSED [ 27%]
data/expander_code/exp101/tests/test_graphs.py::TestRandomBiregularGraph::test_same_seed_reproduces_exactly[4-2-3-99] PASSED [ 28%]
data/expander_code/exp101/tests/test_graphs.py::TestRandomBiregularGraph::test_different_seeds_usually_differ PASSED [ 28%]
data/expander_code/exp101/tests/test_graphs.py::TestRandomBiregularGraph::test_m1_34_is_complete_bipartite PASSED [ 28%]
data/expander_code/exp101/tests/test_graphs.py::TestRandomBiregularGraph::test_impossible_parameters_raise PASSED [ 28%]
data/expander_code/exp101/tests/test_graphs.py::TestRandomBiregularGraph::test_max_attempts_exhaustion_raises PASSED [ 29%]
data/expander_code/exp101/tests/test_graphs.py::TestRandomBiregularGraph::test_high_degree_needs_more_attempts PASSED [ 29%]
data/expander_code/exp101/tests/test_graphs.py::TestValidationMethodsDetectCorruption::test_degree_corruption_detected PASSED [ 29%]
data/expander_code/exp101/tests/test_graphs.py::TestValidationMethodsDetectCorruption::test_consistency_corruption_detected PASSED [ 30%]
data/expander_code/exp101/tests/test_graphs.py::TestValidationMethodsDetectCorruption::test_range_corruption_detected PASSED [ 30%]
data/expander_code/exp101/tests/test_graphs.py::TestDeterministicConstructors::test_complete_bipartite PASSED [ 30%]
data/expander_code/exp101/tests/test_graphs.py::TestDeterministicConstructors::test_cycle_matrix PASSED [ 30%]
data/expander_code/exp101/tests/test_graphs.py::TestDeterministicConstructors::test_repetition_matrix PASSED [ 31%]
data/expander_code/exp101/tests/test_hgp.py::TestClassicalMatrix::test_shape_and_weights_34[1-12345] PASSED [ 31%]
data/expander_code/exp101/tests/test_hgp.py::TestClassicalMatrix::test_shape_and_weights_34[2-12345] PASSED [ 31%]
data/expander_code/exp101/tests/test_hgp.py::TestClassicalMatrix::test_shape_and_weights_34[3-777] PASSED [ 31%]
data/expander_code/exp101/tests/test_hgp.py::TestClassicalMatrix::test_entry_convention PASSED [ 32%]
data/expander_code/exp101/tests/test_hgp.py::TestQuantumMatrices::test_shapes_weights_commutation[1-3-4-12345] PASSED [ 32%]
data/expander_code/exp101/tests/test_hgp.py::TestQuantumMatrices::test_shapes_weights_commutation[2-3-4-12345] PASSED [ 32%]
data/expander_code/exp101/tests/test_hgp.py::TestQuantumMatrices::test_shapes_weights_commutation[2-2-2-5] PASSED [ 33%]
data/expander_code/exp101/tests/test_hgp.py::TestQuantumMatrices::test_shapes_weights_commutation[3-2-3-99] PASSED [ 33%]
data/expander_code/exp101/tests/test_hgp.py::TestQuantumMatrices::test_explicit_index_convention PASSED [ 33%]
data/expander_code/exp101/tests/test_hgp.py::TestQuantumMatrices::test_graph_vs_matrix_paths_agree PASSED [ 33%]
data/expander_code/exp101/tests/test_hgp.py::TestQuantumMatrices::test_commutation_detects_corruption PASSED [ 34%]
data/expander_code/exp101/tests/test_hgp.py::TestKFormulaOnKnownCodes::test_known_parameters[classical0-8-2] PASSED [ 34%]
data/expander_code/exp101/tests/test_hgp.py::TestKFormulaOnKnownCodes::test_known_parameters[classical1-18-2] PASSED [ 34%]
data/expander_code/exp101/tests/test_hgp.py::TestKFormulaOnKnownCodes::test_known_parameters[classical2-5-1] PASSED [ 34%]
data/expander_code/exp101/tests/test_hgp.py::TestKFormulaOnKnownCodes::test_known_parameters[classical3-13-1] PASSED [ 35%]
data/expander_code/exp101/tests/test_hgp.py::TestKFormulaOnKnownCodes::test_known_parameters[classical4-25-13] PASSED [ 35%]
data/expander_code/exp101/tests/test_hgp.py::TestKFormulaOnKnownCodes::test_official_family_m2_rank_and_k PASSED [ 35%]
data/expander_code/exp101/tests/test_hgp.py::TestKFormulaOnKnownCodes::test_irregular_H_supported PASSED [ 36%]
data/expander_code/exp101/tests/test_hgp.py::TestCrossCheckMainProjectToric::test_rank_invariants_match[2] PASSED [ 36%]
data/expander_code/exp101/tests/test_hgp.py::TestCrossCheckMainProjectToric::test_rank_invariants_match[3] PASSED [ 36%]
data/expander_code/exp101/tests/test_hgp.py::TestCrossCheckMainProjectToric::test_rank_invariants_match[4] PASSED [ 36%]
data/expander_code/exp101/tests/test_instance.py::TestBuildInstance::test_m1_full_pipeline_bruteforce_distance PASSED [ 37%]
data/expander_code/exp101/tests/test_instance.py::TestBuildInstance::test_m2_theorem_distance_path PASSED [ 37%]
data/expander_code/exp101/tests/test_instance.py::TestBuildInstance::test_flags_off_minimal_build PASSED [ 37%]
data/expander_code/exp101/tests/test_instance.py::TestBuildInstance::test_expansion_requires_gamma_delta PASSED [ 37%]
data/expander_code/exp101/tests/test_instance.py::TestBuildInstance::test_parameters_match_theory_assertions_run PASSED [ 38%]
data/expander_code/exp101/tests/test_instance.py::TestSerializationAndReproduction::test_roundtrip_and_rebuild PASSED [ 38%]
data/expander_code/exp101/tests/test_instance.py::TestSerializationAndReproduction::test_rebuild_detects_tampered_edges PASSED [ 38%]
data/expander_code/exp101/tests/test_instance.py::TestSerializationAndReproduction::test_fingerprint_sensitive_to_seed PASSED [ 39%]
data/expander_code/exp101/tests/test_instance.py::TestSerializationAndReproduction::test_dict_json_serializable PASSED [ 39%]
data/expander_code/exp101/tests/test_instance.py::TestSpecExampleScript::test_spec_example_runs_and_reports PASSED [ 39%]
data/expander_code/exp101/tests/test_logicals.py::TestLogicalPauliOnKnownCodes::test_full_checklist[toric_m2-classical0-2] PASSED [ 39%]
data/expander_code/exp101/tests/test_logicals.py::TestLogicalPauliOnKnownCodes::test_full_checklist[toric_m3-classical1-2] PASSED [ 40%]
data/expander_code/exp101/tests/test_logicals.py::TestLogicalPauliOnKnownCodes::test_full_checklist[surface_m2-classical2-1] PASSED [ 40%]
data/expander_code/exp101/tests/test_logicals.py::TestLogicalPauliOnKnownCodes::test_full_checklist[surface_m3-classical3-1] PASSED [ 40%]
data/expander_code/exp101/tests/test_logicals.py::TestLogicalPauliOnKnownCodes::test_full_checklist[K43-classical4-13] PASSED [ 40%]
data/expander_code/exp101/tests/test_logicals.py::TestLogicalPauliOnKnownCodes::test_full_checklist[irregular_2x4-classical5-4] PASSED [ 41%]
data/expander_code/exp101/tests/test_logicals.py::TestLogicalPauliOnKnownCodes::test_full_checklist[expander_34_m2-classical6-4] PASSED [ 41%]
data/expander_code/exp101/tests/test_logicals.py::TestLogicalPauliOnKnownCodes::test_normalized_X_stays_logical[toric_m2-classical0-2] PASSED [ 41%]
data/expander_code/exp101/tests/test_logicals.py::TestLogicalPauliOnKnownCodes::test_normalized_X_stays_logical[toric_m3-classical1-2] PASSED [ 42%]
data/expander_code/exp101/tests/test_logicals.py::TestLogicalPauliOnKnownCodes::test_normalized_X_stays_logical[surface_m2-classical2-1] PASSED [ 42%]
data/expander_code/exp101/tests/test_logicals.py::TestLogicalPauliOnKnownCodes::test_normalized_X_stays_logical[surface_m3-classical3-1] PASSED [ 42%]
data/expander_code/exp101/tests/test_logicals.py::TestLogicalPauliOnKnownCodes::test_normalized_X_stays_logical[K43-classical4-13] PASSED [ 42%]
data/expander_code/exp101/tests/test_logicals.py::TestLogicalPauliOnKnownCodes::test_normalized_X_stays_logical[irregular_2x4-classical5-4] PASSED [ 43%]
data/expander_code/exp101/tests/test_logicals.py::TestLogicalPauliOnKnownCodes::test_normalized_X_stays_logical[expander_34_m2-classical6-4] PASSED [ 43%]
data/expander_code/exp101/tests/test_logicals.py::TestEdgeAndErrorPaths::test_k_zero_trivial_code PASSED [ 43%]
data/expander_code/exp101/tests/test_logicals.py::TestEdgeAndErrorPaths::test_non_css_pair_rejected PASSED [ 43%]
data/expander_code/exp101/tests/test_logicals.py::TestEdgeAndErrorPaths::test_column_mismatch_rejected PASSED [ 44%]
data/expander_code/exp101/tests/test_logicals.py::TestEdgeAndErrorPaths::test_verify_detects_corruption PASSED [ 44%]
data/expander_code/exp101/tests/test_logicals.py::TestPairingStructure::test_k43_large_k_pairing PASSED [ 44%]
data/expander_code/exp101/tests/test_logicals.py::TestPairingStructure::test_deterministic_output PASSED [ 45%]
data/expander_code/exp101/tests/test_model_observables.py::TestSectionLinear::test_section_property_and_linearity[<lambda>0] PASSED [ 45%]
data/expander_code/exp101/tests/test_model_observables.py::TestSectionLinear::test_section_property_and_linearity[<lambda>1] PASSED [ 45%]
data/expander_code/exp101/tests/test_model_observables.py::TestSectionLinear::test_section_property_and_linearity[<lambda>2] PASSED [ 45%]
data/expander_code/exp101/tests/test_model_observables.py::TestSectionLinear::test_misuse_rejected PASSED [ 46%]
data/expander_code/exp101/tests/test_model_observables.py::TestSectionLinear::test_section_after_H_columns PASSED [ 46%]
data/expander_code/exp101/tests/test_model_observables.py::TestObservableFrame::test_w_three_properties_independent_recheck[<lambda>-check_sectors0] PASSED [ 46%]
data/expander_code/exp101/tests/test_model_observables.py::TestObservableFrame::test_w_three_properties_independent_recheck[<lambda>-check_sectors1] PASSED [ 46%]
data/expander_code/exp101/tests/test_model_observables.py::TestObservableFrame::test_w_three_properties_independent_recheck[<lambda>-check_sectors2] PASSED [ 47%]
data/expander_code/exp101/tests/test_model_observables.py::TestObservableFrame::test_w_three_properties_independent_recheck[<lambda>-check_sectors3] PASSED [ 47%]
data/expander_code/exp101/tests/test_model_observables.py::TestObservableFrame::test_label_decomposition_invariance PASSED [ 47%]
data/expander_code/exp101/tests/test_model_observables.py::TestEnsembleWiringAndEquivalence::test_legacy_delta_only_equals_old_repository_form PASSED [ 48%]
data/expander_code/exp101/tests/test_model_observables.py::TestEnsembleWiringAndEquivalence::test_fixed_effective_syndrome_absolute_and_relative_relation PASSED [ 48%]
data/expander_code/exp101/tests/test_model_observables.py::TestEnsembleWiringAndEquivalence::test_legacy_delta_only_ground_truth_independence PASSED [ 48%]
data/expander_code/exp101/tests/test_model_observables.py::TestEnsembleWiringAndEquivalence::test_observable_at_truth_is_plus_one PASSED [ 48%]
data/expander_code/exp101/tests/test_model_observables.py::TestEnsembleWiringAndEquivalence::test_q_zero_wiring PASSED [ 49%]
data/expander_code/exp101/tests/test_model_observables.py::TestObservableSetTiers::test_full_vs_sampled_consistency PASSED [ 49%]
data/expander_code/exp101/tests/test_model_observables.py::TestObservableSetTiers::test_sampled_requires_seed PASSED [ 49%]
data/expander_code/exp101/tests/test_model_observables.py::TestObservableSetTiers::test_sampled_infeasible_request_raises PASSED [ 50%]
data/expander_code/exp101/tests/test_model_observables.py::TestAggregates::test_aggregates_match_hand_class_distribution PASSED [ 50%]
data/expander_code/exp101/tests/test_model_observables.py::TestAggregates::test_sampled_aggregate_unbiasedness_structure PASSED [ 50%]
data/expander_code/exp101/tests/test_model_observables.py::TestDisorderDraw::test_reproducible_and_crn PASSED [ 50%]
data/expander_code/exp101/tests/test_model_observables.py::TestDisorderDraw::test_coupling_edge_values PASSED [ 51%]
data/expander_code/exp101/tests/test_model_observables.py::TestDisorderDraw::test_disorder_dimensions_are_validated_before_wiring PASSED [ 51%]
data/expander_code/exp101/tests/test_model_observables.py::TestV2PhysicsSemantics::test_true_energy_uses_fixed_effective_syndrome_not_truth PASSED [ 51%]
data/expander_code/exp101/tests/test_model_observables.py::TestV2PhysicsSemantics::test_true_and_legacy_differ_for_nontrivial_data_syndrome PASSED [ 51%]
data/expander_code/exp101/tests/test_model_observables.py::TestV2PhysicsSemantics::test_deprecated_ensemble_aliases_normalize_before_storage PASSED [ 52%]
data/expander_code/exp101/tests/test_model_observables.py::TestV2PhysicsSemantics::test_legacy_disorder_aliases_are_warned_read_only PASSED [ 52%]
data/expander_code/exp101/tests/test_model_observables.py::TestV2PhysicsSemantics::test_legacy_constructor_aliases_and_conflicts PASSED [ 52%]
data/expander_code/exp101/tests/test_model_observables.py::TestV2PhysicsSemantics::test_legacy_wiring_aliases_are_read_only_and_conflicts_rejected PASSED [ 53%]
data/expander_code/exp101/tests/test_model_observables.py::TestV2PhysicsSemantics::test_absolute_relative_mattis_relation PASSED [ 53%]
data/expander_code/exp101/tests/test_model_observables.py::TestV2PhysicsSemantics::test_planted_mass_is_not_map_success PASSED [ 53%]
data/expander_code/exp101/tests/test_model_observables.py::TestV2PhysicsSemantics::test_posterior_statistics_rejects_invalid_weights[weights0-nonnegative] PASSED [ 53%]
data/expander_code/exp101/tests/test_model_observables.py::TestV2PhysicsSemantics::test_posterior_statistics_rejects_invalid_weights[weights1-sum to 1] PASSED [ 54%]
data/expander_code/exp101/tests/test_model_observables.py::TestV2PhysicsSemantics::test_posterior_statistics_rejects_invalid_weights[weights2-sum to 1] PASSED [ 54%]
data/expander_code/exp101/tests/test_model_observables.py::TestV2PhysicsSemantics::test_posterior_statistics_rejects_invalid_weights[weights3-finite] PASSED [ 54%]
data/expander_code/exp101/tests/test_model_observables.py::TestV2PhysicsSemantics::test_posterior_statistics_rejects_invalid_weights[weights4-finite] PASSED [ 54%]
data/expander_code/exp101/tests/test_model_observables.py::TestSampledCharacterEstimators::test_basis_and_nonbasis_population_weighting PASSED [ 55%]
data/expander_code/exp101/tests/test_model_observables.py::TestSampledCharacterEstimators::test_cross_chain_square_is_unbiased_while_pooled_square_is_not PASSED [ 55%]
data/expander_code/exp101/tests/test_model_observables.py::TestSampledCharacterEstimators::test_delete_one_jackknife_tracks_repeated_sampling_error PASSED [ 55%]
data/expander_code/exp101/tests/test_model_observables.py::TestSampledCharacterEstimators::test_unphysical_debiased_purity_is_retained_without_success_bounds PASSED [ 56%]
data/expander_code/exp101/tests/test_model_observables.py::TestSampledCharacterEstimators::test_physical_u_statistic_uses_estimated_bounds PASSED [ 56%]
data/expander_code/exp101/tests/test_paper_reduction_golden.py::test_raw_paper_and_reduced_posterior_match_for_every_physical_variable PASSED [ 56%]
data/expander_code/exp101/tests/test_paper_reduction_golden.py::test_q_zero_true_is_quenched_coset_and_legacy_is_clean_kernel PASSED [ 56%]
data/expander_code/exp101/tests/test_paper_reduction_golden.py::test_x_error_matrix_wiring_is_the_logical_plus_preparation_convention PASSED [ 57%]
data/expander_code/exp101/tests/test_paper_reduction_golden.py::test_z_error_matrix_wiring_is_the_hadamard_dual_convention PASSED [ 57%]
data/expander_code/exp101/tests/test_paper_reduction_golden.py::test_shifted_coordinate_energy_identity_is_pointwise_exact PASSED [ 57%]
data/expander_code/exp101/tests/test_paper_reduction_golden.py::test_fixed_effective_syndrome_is_truth_independent_off_kernel PASSED [ 57%]
data/expander_code/exp101/tests/test_paper_reduction_golden.py::test_canonical_energy_matches_probability_weight_up_to_one_constant PASSED [ 58%]
data/expander_code/exp101/tests/test_paper_reduction_golden.py::test_character_table_preserves_q_top_under_planted_translation PASSED [ 58%]
data/expander_code/exp101/tests/test_paper_reduction_golden.py::test_exact_oracle_exposes_algebraic_posterior_bounds PASSED [ 58%]
data/expander_code/exp101/tests/test_params.py::TestKnownCodeParameters::test_exact_nkd[toric_m2-classical0-nkd0] PASSED [ 59%]
data/expander_code/exp101/tests/test_params.py::TestKnownCodeParameters::test_exact_nkd[toric_m3-classical1-nkd1] PASSED [ 59%]
data/expander_code/exp101/tests/test_params.py::TestKnownCodeParameters::test_exact_nkd[surface_m2-classical2-nkd2] PASSED [ 59%]
data/expander_code/exp101/tests/test_params.py::TestKnownCodeParameters::test_exact_nkd[surface_m3-classical3-nkd3] PASSED [ 59%]
data/expander_code/exp101/tests/test_params.py::TestKnownCodeParameters::test_exact_nkd[K43-classical4-nkd4] PASSED [ 60%]
data/expander_code/exp101/tests/test_params.py::TestKnownCodeParameters::test_distance_matches_full_space_oracle[toric_m2-classical0-nkd0] PASSED [ 60%]
data/expander_code/exp101/tests/test_params.py::TestKnownCodeParameters::test_distance_matches_full_space_oracle[toric_m3-classical1-nkd1] PASSED [ 60%]
data/expander_code/exp101/tests/test_params.py::TestKnownCodeParameters::test_distance_matches_full_space_oracle[surface_m2-classical2-nkd2] PASSED [ 60%]
data/expander_code/exp101/tests/test_params.py::TestKnownCodeParameters::test_distance_matches_full_space_oracle[surface_m3-classical3-nkd3] PASSED [ 61%]
data/expander_code/exp101/tests/test_params.py::TestKnownCodeParameters::test_toric_m4_distance_4 PASSED [ 61%]
data/expander_code/exp101/tests/test_params.py::TestKnownCodeParameters::test_k_agrees_with_logical_pairs[toric_m2-classical0-nkd0] PASSED [ 61%]
data/expander_code/exp101/tests/test_params.py::TestKnownCodeParameters::test_k_agrees_with_logical_pairs[toric_m3-classical1-nkd1] PASSED [ 62%]
data/expander_code/exp101/tests/test_params.py::TestKnownCodeParameters::test_k_agrees_with_logical_pairs[surface_m2-classical2-nkd2] PASSED [ 62%]
data/expander_code/exp101/tests/test_params.py::TestKnownCodeParameters::test_k_agrees_with_logical_pairs[surface_m3-classical3-nkd3] PASSED [ 62%]
data/expander_code/exp101/tests/test_params.py::TestKnownCodeParameters::test_k_agrees_with_logical_pairs[K43-classical4-nkd4] PASSED [ 62%]
data/expander_code/exp101/tests/test_params.py::TestKnownCodeParameters::test_d_lower_bounds_quotient_representatives[toric_m2-classical0-nkd0] PASSED [ 63%]
data/expander_code/exp101/tests/test_params.py::TestKnownCodeParameters::test_d_lower_bounds_quotient_representatives[toric_m3-classical1-nkd1] PASSED [ 63%]
data/expander_code/exp101/tests/test_params.py::TestKnownCodeParameters::test_d_lower_bounds_quotient_representatives[surface_m2-classical2-nkd2] PASSED [ 63%]
data/expander_code/exp101/tests/test_params.py::TestKnownCodeParameters::test_d_lower_bounds_quotient_representatives[surface_m3-classical3-nkd3] PASSED [ 63%]
data/expander_code/exp101/tests/test_params.py::TestKnownCodeParameters::test_d_lower_bounds_quotient_representatives[K43-classical4-nkd4] PASSED [ 64%]
data/expander_code/exp101/tests/test_params.py::TestClassicalSideTheoremCrossCheck::test_theorem_min_matches_bruteforce[toric_m2-classical0-nkd0] PASSED [ 64%]
data/expander_code/exp101/tests/test_params.py::TestClassicalSideTheoremCrossCheck::test_theorem_min_matches_bruteforce[toric_m3-classical1-nkd1] PASSED [ 64%]
data/expander_code/exp101/tests/test_params.py::TestClassicalSideTheoremCrossCheck::test_theorem_min_matches_bruteforce[surface_m2-classical2-nkd2] PASSED [ 65%]
data/expander_code/exp101/tests/test_params.py::TestClassicalSideTheoremCrossCheck::test_theorem_min_matches_bruteforce[surface_m3-classical3-nkd3] PASSED [ 65%]
data/expander_code/exp101/tests/test_params.py::TestClassicalSideTheoremCrossCheck::test_theorem_min_matches_bruteforce[K43-classical4-nkd4] PASSED [ 65%]
data/expander_code/exp101/tests/test_params.py::TestClassicalSideTheoremCrossCheck::test_classical_distances_known_values PASSED [ 65%]
data/expander_code/exp101/tests/test_params.py::TestClassicalSideTheoremCrossCheck::test_official_family_m2_sides PASSED [ 66%]
data/expander_code/exp101/tests/test_params.py::TestGuardsAndEdgeCases::test_k0_returns_none_distance PASSED [ 66%]
data/expander_code/exp101/tests/test_params.py::TestGuardsAndEdgeCases::test_kernel_dim_guard_raises_for_m2_family PASSED [ 66%]
data/expander_code/exp101/tests/test_params.py::TestGuardsAndEdgeCases::test_column_mismatch_rejected PASSED [ 66%]
data/expander_code/exp101/tests/test_physics_golden.py::test_incomplete_q_zero_move_set_is_rejected_at_model_assembly PASSED [ 67%]
data/expander_code/exp101/tests/test_physics_golden.py::test_logical_observable_must_annihilate_stabilizers PASSED [ 67%]
data/expander_code/exp101/tests/test_physics_golden.py::test_raw_preparation_variables_equal_reduced_posterior_pointwise PASSED [ 67%]
data/expander_code/exp101/tests/test_physics_golden.py::test_q_zero_true_is_quenched_coset_legacy_is_clean_kernel PASSED [ 68%]
data/expander_code/exp101/tests/test_physics_golden.py::test_exact_oracle_reports_distinct_v2_statistics_and_frames PASSED [ 68%]
data/expander_code/exp101/tests/test_pt.py::TestLadders::test_sync_enlarge_endpoints_and_monotonic PASSED [ 68%]
data/expander_code/exp101/tests/test_pt.py::TestLadders::test_sync_enlarge_safe_by_construction PASSED [ 68%]
data/expander_code/exp101/tests/test_pt.py::TestLadders::test_sync_enlarge_input_validation PASSED [ 69%]
data/expander_code/exp101/tests/test_pt.py::TestLadders::test_data_only_ladder PASSED [ 69%]
data/expander_code/exp101/tests/test_pt.py::TestLadders::test_probability_coupling_roundtrip PASSED [ 69%]
data/expander_code/exp101/tests/test_pt.py::TestSwapFormula::test_swap_log_ratio_matches_direct_weight_ratio PASSED [ 69%]
data/expander_code/exp101/tests/test_pt.py::TestRoundTripCounter::test_initial_hot_to_cold_is_not_a_round_trip PASSED [ 70%]
data/expander_code/exp101/tests/test_pt.py::TestRoundTripCounter::test_new_phase_does_not_inherit_partial_transit PASSED [ 70%]
data/expander_code/exp101/tests/test_pt.py::TestPtEndToEnd::test_pt_cold_m_u_matches_enum_surface5 PASSED [ 70%]
data/expander_code/exp101/tests/test_pt.py::TestPtEndToEnd::test_pt_agrees_with_long_single_chain_toric2 PASSED [ 71%]
data/expander_code/exp101/tests/test_pt.py::TestPtEndToEnd::test_round_trips_and_replica_conservation PASSED [ 71%]
data/expander_code/exp101/tests/test_pt.py::TestPtEndToEnd::test_q_zero_rejected PASSED [ 71%]
data/expander_code/exp101/tests/test_pt.py::TestPtEndToEnd::test_reproducible PASSED [ 71%]
data/expander_code/exp101/tests/test_pt.py::TestPtEndToEnd::test_observable_all_rungs_mode PASSED [ 72%]
data/expander_code/exp101/tests/test_reference_mcmc.py::TestExhaustiveDeltaE::test_single_bit_delta_matches_full_recompute PASSED [ 72%]
data/expander_code/exp101/tests/test_reference_mcmc.py::TestExhaustiveDeltaE::test_support_moves_delta_matches_full_recompute PASSED [ 72%]
data/expander_code/exp101/tests/test_reference_mcmc.py::TestStationarityAgainstEnum::test_surface5_qpos_m_u_matches_enum[true_posterior] PASSED [ 72%]
data/expander_code/exp101/tests/test_reference_mcmc.py::TestStationarityAgainstEnum::test_surface5_qpos_m_u_matches_enum[legacy_delta_only] PASSED [ 73%]
data/expander_code/exp101/tests/test_reference_mcmc.py::TestStationarityAgainstEnum::test_toric2_qpos_state_histogram_matches_gibbs PASSED [ 73%]
data/expander_code/exp101/tests/test_reference_mcmc.py::TestStationarityAgainstEnum::test_q_zero_coset_sampling_matches_enum PASSED [ 73%]
data/expander_code/exp101/tests/test_reference_mcmc.py::TestAnalyticAnchors::test_p_half_logical_acceptance_is_one_and_m_u_zero PASSED [ 74%]
data/expander_code/exp101/tests/test_reference_mcmc.py::TestAnalyticAnchors::test_per_u_counters_populated PASSED [ 74%]
data/expander_code/exp101/tests/test_reference_mcmc.py::TestReproducibilityAndInvariants::test_same_seed_identical_trajectory PASSED [ 74%]
data/expander_code/exp101/tests/test_reference_mcmc.py::TestReproducibilityAndInvariants::test_debug_invariants_pass_long_run PASSED [ 74%]
data/expander_code/exp101/tests/test_reference_mcmc.py::TestReproducibilityAndInvariants::test_q_zero_bad_initial_rejected PASSED [ 75%]
data/expander_code/exp101/tests/test_run_scan.py::test_verified_archive_provenance_is_known_clean PASSED [ 75%]
data/expander_code/exp101/tests/test_run_scan.py::TestTaskSeeds::test_scope_and_determinism PASSED [ 75%]
data/expander_code/exp101/tests/test_run_scan.py::TestBuildCode::test_known_families PASSED [ 75%]
data/expander_code/exp101/tests/test_run_scan.py::TestScanEndToEnd::test_ti_scan_resume_and_schema PASSED [ 76%]
data/expander_code/exp101/tests/test_run_scan.py::TestScanEndToEnd::test_ti_grid_gate_failure_is_invalid_and_has_no_success_bounds PASSED [ 76%]
data/expander_code/exp101/tests/test_run_scan.py::TestScanEndToEnd::test_auto_full_ti_endpoints_are_analytic_end_to_end[0.0-p_zero_delta-1.0-expected_weights0] PASSED [ 76%]
data/expander_code/exp101/tests/test_run_scan.py::TestScanEndToEnd::test_auto_full_ti_endpoints_are_analytic_end_to_end[0.5-p_half_uniform-0.0-expected_weights1] PASSED [ 77%]
data/expander_code/exp101/tests/test_run_scan.py::TestScanEndToEnd::test_deterministic_across_fresh_runs PASSED [ 77%]
data/expander_code/exp101/tests/test_run_scan.py::TestScanEndToEnd::test_corrupted_chunk_recomputed PASSED [ 77%]
data/expander_code/exp101/tests/test_run_scan.py::TestScanEndToEnd::test_mismatched_inner_task_fingerprint_recomputes_chunk PASSED [ 77%]
data/expander_code/exp101/tests/test_run_scan.py::TestScanEndToEnd::test_direct_engine_scan PASSED [ 78%]
data/expander_code/exp101/tests/test_run_scan.py::TestScanEndToEnd::test_legacy_sampled_scan_is_formal_only_end_to_end PASSED [ 78%]
data/expander_code/exp101/tests/test_run_scan.py::TestScanEndToEnd::test_fewer_than_four_direct_chains_is_invalid_end_to_end PASSED [ 78%]
data/expander_code/exp101/tests/test_run_scan.py::TestScanEndToEnd::test_out_of_range_debiased_purity_invalidates_task_end_to_end PASSED [ 78%]
data/expander_code/exp101/tests/test_run_scan.py::TestScanEndToEnd::test_direct_gate_failure_marks_worker_result_invalid PASSED [ 79%]
data/expander_code/exp101/tests/test_run_scan.py::TestScanEndToEnd::test_alias_is_canonical_before_seed_and_manifest PASSED [ 79%]
data/expander_code/exp101/tests/test_run_scan.py::TestScanEndToEnd::test_toric_multi_size_padding PASSED [ 79%]
data/expander_code/exp101/tests/test_run_scan.py::TestParallelism::test_parallel_matches_serial_bit_identical PASSED [ 80%]
data/expander_code/exp101/tests/test_run_scan.py::TestParallelism::test_merge_handles_missing_chunk PASSED [ 80%]
data/expander_code/exp101/tests/test_run_scan.py::TestParallelism::test_merge_all_missing_still_emits_incomplete_audit_result PASSED [ 80%]
data/expander_code/exp101/tests/test_run_scan.py::TestV3RoutingAndIdentity::test_auto_routes_all_three_production_paths PASSED [ 80%]
data/expander_code/exp101/tests/test_run_scan.py::TestV3RoutingAndIdentity::test_large_k_ti_rejected_before_chunk_creation PASSED [ 81%]
data/expander_code/exp101/tests/test_run_scan.py::TestV3RoutingAndIdentity::test_config_change_invalidates_chunk_identity PASSED [ 81%]
data/expander_code/exp101/tests/test_run_scan.py::TestV3RoutingAndIdentity::test_source_fingerprint_participates_in_chunk_identity PASSED [ 81%]
data/expander_code/exp101/tests/test_run_scan.py::TestV3RoutingAndIdentity::test_nearby_q_values_have_unique_exact_chunk_paths PASSED [ 81%]
data/expander_code/exp101/tests/test_run_scan.py::TestV3RoutingAndIdentity::test_forced_trajectory_is_normalized_before_fingerprinting PASSED [ 82%]
data/expander_code/exp101/tests/test_run_scan.py::TestV3RoutingAndIdentity::test_q0_auto_defaults_to_eight_starts PASSED [ 82%]
data/expander_code/exp101/tests/test_run_scan.py::TestV3RoutingAndIdentity::test_q0_auto_executes_eight_independent_starts PASSED [ 82%]
data/expander_code/exp101/tests/test_run_scan.py::TestV3RoutingAndIdentity::test_actual_k16_observable_set_keeps_16_plus_64_characters PASSED [ 83%]
data/expander_code/exp101/tests/test_run_scan.py::TestV3RoutingAndIdentity::test_cli_accepts_both_deprecated_ensemble_aliases PASSED [ 83%]
data/expander_code/exp101/tests/test_run_scan.py::TestV3RoutingAndIdentity::test_force_recompute_overwrites_matching_current_chunk PASSED [ 83%]
data/expander_code/exp101/tests/test_run_scan.py::TestV3RoutingAndIdentity::test_v1_chunk_is_never_reused PASSED [ 83%]
data/expander_code/exp101/tests/test_run_scan.py::TestV3RoutingAndIdentity::test_v2_chunk_with_matching_fingerprints_is_never_reused PASSED [ 84%]
data/expander_code/exp101/tests/test_run_scan.py::TestV3RoutingAndIdentity::test_model_cache_key_isolates_all_family_configuration PASSED [ 84%]
data/expander_code/exp101/tests/test_run_scan.py::TestV3RoutingAndIdentity::test_pt_gate_failure_marks_chunk_invalid_and_excludes_mean PASSED [ 84%]
data/expander_code/exp101/tests/test_scan_estimators.py::TestIndependentChainEstimator::test_cross_product_removes_finite_chain_square_bias PASSED [ 84%]
data/expander_code/exp101/tests/test_scan_estimators.py::TestIndependentChainEstimator::test_basis_and_sampled_nonbasis_use_population_weights PASSED [ 85%]
data/expander_code/exp101/tests/test_scan_estimators.py::TestIndependentChainEstimator::test_out_of_range_debiased_purity_is_unclipped_and_invalid PASSED [ 85%]
data/expander_code/exp101/tests/test_scan_estimators.py::TestIndependentChainEstimator::test_fewer_than_four_independent_chains_is_not_aggregatable PASSED [ 85%]
data/expander_code/exp101/tests/test_scan_estimators.py::TestIndependentChainEstimator::test_sampled_full_character_inversion_is_not_labelled_map_success PASSED [ 86%]
data/expander_code/exp101/tests/test_scan_estimators.py::TestIndependentChainEstimator::test_legacy_sampled_estimator_exposes_formal_fields_only PASSED [ 86%]
data/expander_code/exp101/tests/test_scan_estimators.py::TestMergeValidityAndShape::test_invalid_disorder_closes_publication_point PASSED [ 86%]
data/expander_code/exp101/tests/test_scan_estimators.py::TestMergeValidityAndShape::test_conditional_sem_is_diagnostic_when_point_has_invalid PASSED [ 86%]
data/expander_code/exp101/tests/test_scan_estimators.py::TestMergeValidityAndShape::test_all_valid_disorders_are_reportable PASSED [ 87%]
data/expander_code/exp101/tests/test_scan_estimators.py::TestMergeValidityAndShape::test_one_valid_disorder_is_reportable_with_undefined_sem PASSED [ 87%]
data/expander_code/exp101/tests/test_scan_estimators.py::TestMergeValidityAndShape::test_unknown_git_dirty_state_uses_known_marker PASSED [ 87%]
data/expander_code/exp101/tests/test_scan_estimators.py::TestMergeValidityAndShape::test_character_axis_uses_actual_count_not_k PASSED [ 87%]
data/expander_code/exp101/tests/test_scan_estimators.py::TestMergeValidityAndShape::test_mixed_engine_merge_keeps_per_disorder_routing PASSED [ 88%]
data/expander_code/exp101/tests/test_scan_estimators.py::TestPtProductionGate::test_one_instance_without_round_trip_invalidates_pt PASSED [ 88%]
data/expander_code/exp101/tests/test_scan_estimators.py::TestPtProductionGate::test_q_top_spread_uses_weighted_all_character_population PASSED [ 88%]
data/expander_code/exp101/tests/test_scan_results.py::test_loads_reportable_v3_and_provides_canonical_bound_labels PASSED [ 89%]
data/expander_code/exp101/tests/test_scan_results.py::test_point_mask_excludes_predeclared_nonreportable_region PASSED [ 89%]
data/expander_code/exp101/tests/test_scan_results.py::test_rejects_selected_sampling_failure_with_coordinates_and_reason[SAMPLING_INSUFFICIENT-invalid_disorders_present-invalid=1, missing=0] PASSED [ 89%]
data/expander_code/exp101/tests/test_scan_results.py::test_rejects_selected_sampling_failure_with_coordinates_and_reason[INCOMPLETE-missing_disorders_present-invalid=0, missing=1] PASSED [ 89%]
data/expander_code/exp101/tests/test_scan_results.py::test_rejects_v2_without_trying_to_infer_eligibility PASSED [ 90%]
data/expander_code/exp101/tests/test_scan_results.py::test_rejects_legacy_before_interpreting_formal_fields PASSED [ 90%]
data/expander_code/exp101/tests/test_scan_results.py::test_rejects_malicious_reportable_schema_inconsistency[mean] PASSED [ 90%]
data/expander_code/exp101/tests/test_scan_results.py::test_rejects_malicious_reportable_schema_inconsistency[crossing] PASSED [ 90%]
data/expander_code/exp101/tests/test_scan_results.py::test_point_mask_must_be_boolean_nonempty_and_match_grid PASSED [ 91%]
data/expander_code/exp101/tests/test_scan_results.py::test_bound_kind_mapping_uses_one_required_plugin_label PASSED [ 91%]
data/expander_code/exp101/tests/test_section_frames.py::TestLogicalSectorQubitChainSection::test_bplsd_backend_available_and_correct PASSED [ 91%]
data/expander_code/exp101/tests/test_section_frames.py::TestLogicalSectorQubitChainSection::test_fallback_backend PASSED [ 92%]
data/expander_code/exp101/tests/test_section_frames.py::TestLogicalSectorQubitChainSection::test_misuse_rejected_strict PASSED [ 92%]
data/expander_code/exp101/tests/test_section_frames.py::TestLogicalSectorQubitChainSection::test_cache_behavior_and_limit PASSED [ 92%]
data/expander_code/exp101/tests/test_section_frames.py::TestLogicalSectorQubitChainSection::test_k43_large_instance PASSED [ 92%]
data/expander_code/exp101/tests/test_section_frames.py::TestAlternativeLinearFrame::test_column_priority_gives_valid_section PASSED [ 93%]
data/expander_code/exp101/tests/test_section_frames.py::TestAlternativeLinearFrame::test_priority_changes_pivots_generically PASSED [ 93%]
data/expander_code/exp101/tests/test_section_frames.py::TestAlternativeLinearFrame::test_invalid_priority_rejected PASSED [ 93%]
data/expander_code/exp101/tests/test_section_frames.py::TestFrameRelations::test_frames_agree_on_kernel PASSED [ 93%]
data/expander_code/exp101/tests/test_section_frames.py::TestFrameRelations::test_frames_valid_labels_off_kernel PASSED [ 94%]
data/expander_code/exp101/tests/test_section_frames.py::TestFrameRelations::test_boundary_only_section_shift_leaves_characters_unchanged PASSED [ 94%]
data/expander_code/exp101/tests/test_section_frames.py::TestFrameRelations::test_logical_section_shift_is_not_claimed_as_gauge PASSED [ 94%]
data/expander_code/exp101/tests/test_section_frames.py::TestFingerprintLargeCodes::test_fingerprint_survives_pivot_indices_over_255 PASSED [ 95%]
data/expander_code/exp101/tests/test_sector_ti.py::TestProposals::test_all_proposals_preserve_label[<lambda>0] PASSED [ 95%]
data/expander_code/exp101/tests/test_sector_ti.py::TestProposals::test_all_proposals_preserve_label[<lambda>1] PASSED [ 95%]
data/expander_code/exp101/tests/test_sector_ti.py::TestProposals::test_all_proposals_preserve_label[<lambda>2] PASSED [ 95%]
data/expander_code/exp101/tests/test_sector_ti.py::TestProposals::test_proposal_inventory_nonempty PASSED [ 96%]
data/expander_code/exp101/tests/test_sector_ti.py::TestSectorRepresentatives::test_labels_correct_qpos_and_qzero PASSED [ 96%]
data/expander_code/exp101/tests/test_sector_ti.py::TestFullTierAgainstEnum::test_surface5_weights_and_qtop[true_posterior] PASSED [ 96%]
data/expander_code/exp101/tests/test_sector_ti.py::TestFullTierAgainstEnum::test_surface5_weights_and_qtop[legacy_delta_only] PASSED [ 96%]
data/expander_code/exp101/tests/test_sector_ti.py::TestFullTierAgainstEnum::test_toric2_true_ensemble_nontrivial_reference PASSED [ 97%]
data/expander_code/exp101/tests/test_sector_ti.py::TestFullTierAgainstEnum::test_q_zero_coset_ti PASSED [ 97%]
data/expander_code/exp101/tests/test_sector_ti.py::TestBasisGapDiagnostics::test_diagnostics_match_exact_gaps_and_expose_no_purity PASSED [ 97%]
data/expander_code/exp101/tests/test_sector_ti.py::TestBasisGapDiagnostics::test_large_k_full_ti_rejected_before_sampling PASSED [ 98%]
data/expander_code/exp101/tests/test_sector_ti.py::TestStructure::test_anchor_delta_zero_and_flags PASSED [ 98%]
data/expander_code/exp101/tests/test_sector_ti.py::TestStructure::test_reproducible PASSED [ 98%]
data/expander_code/exp101/tests/test_sector_ti.py::TestStructure::test_k_zero_rejected PASSED [ 98%]
data/expander_code/exp101/tests/test_sector_ti.py::TestBootstrapIndependence::test_independent_sector_resampling_avoids_false_zero_gap_error PASSED [ 99%]
data/expander_code/exp101/tests/test_sector_ti.py::TestAnalyticEndpoints::test_p_half_is_exact_uniform_under_full_ti PASSED [ 99%]
data/expander_code/exp101/tests/test_sector_ti.py::TestAnalyticEndpoints::test_p_zero_is_exact_absolute_class_zero_delta PASSED [ 99%]
data/expander_code/exp101/tests/test_sector_ti.py::TestAnalyticEndpoints::test_p_zero_q_zero_nonzero_syndrome_has_no_support PASSED [100%]

=============================== warnings summary ===============================
data/expander_code/exp101/tests/test_run_scan.py::TestScanEndToEnd::test_alias_is_canonical_before_seed_and_manifest
  /Users/jarvis/Desktop/project_D/data/expander_code/exp101/src/run_scan.py:1049: DeprecationWarning: ensemble 'paper_true_posterior' is deprecated; use 'true_posterior'
    canonical_ensemble = normalize_ensemble(ensemble)

data/expander_code/exp101/tests/test_run_scan.py::TestScanEndToEnd::test_alias_is_canonical_before_seed_and_manifest
  /Users/jarvis/Desktop/project_D/data/expander_code/exp101/src/run_scan.py:1049: DeprecationWarning: ensemble 'repo_compat' is deprecated; use 'legacy_delta_only'
    canonical_ensemble = normalize_ensemble(ensemble)

-- Docs: https://docs.pytest.org/en/stable/how-to/capture-warnings.html
======================= 366 passed, 2 warnings in 35.14s =======================
